<?xml version="1.0" encoding="UTF-8"?>
<!-- Generated by org.testng.reporters.JUnitReportReporter -->
<testsuite hostname="DESKTOP-36IJ477" failures="0" tests="6" name="api.test.DDTests" time="6.978" errors="0" timestamp="2024-02-02T22:14:11 IST" skipped="0">
  <testcase classname="api.test.DDTests" name="testPostuser" time="1.160"/>
  <system-out/>
  <testcase classname="api.test.DDTests" name="testPostuser" time="1.141"/>
  <system-out/>
  <testcase classname="api.test.DDTests" name="testPostuser" time="1.169"/>
  <system-out/>
  <testcase classname="api.test.DDTests" name="testDeleteUserByName" time="1.201"/>
  <system-out/>
  <testcase classname="api.test.DDTests" name="testDeleteUserByName" time="1.167"/>
  <system-out/>
  <testcase classname="api.test.DDTests" name="testDeleteUserByName" time="1.140"/>
  <system-out/>
</testsuite> <!-- api.test.DDTests -->
