<?xml version="1.0" encoding="UTF-8"?>
<!-- Generated by org.testng.reporters.JUnitReportReporter -->
<testsuite hostname="DESKTOP-36IJ477" failures="0" tests="4" name="api.test.UserTests" time="10.196" errors="0" timestamp="2024-02-02T22:14:11 IST" skipped="0">
  <testcase classname="api.test.UserTests" name="testPostUser" time="5.399"/>
  <system-out/>
  <testcase classname="api.test.UserTests" name="testGetUserByName" time="1.250"/>
  <system-out/>
  <testcase classname="api.test.UserTests" name="testUpdateUserByName" time="2.358"/>
  <system-out/>
  <testcase classname="api.test.UserTests" name="testDeleteUserByName" time="1.189"/>
  <system-out/>
</testsuite> <!-- api.test.UserTests -->
